#
# A fatal error has been detected by the Java Runtime Environment:
#
#  Internal Error (methodData.cpp:1025), pid=9516, tid=856
#  Error: ShouldNotReachHere()
#
# JRE version: Java(TM) SE Runtime Environment (8.0_45-b15) (build 1.8.0_45-b15)
# Java VM: Java HotSpot(TM) 64-Bit Server VM (25.45-b02 mixed mode windows-amd64 compressed oops)
# Failed to write core dump. Minidumps are not enabled by default on client versions of Windows
#
# If you would like to submit a bug report, please visit:
#   http://bugreport.java.com/bugreport/crash.jsp
#

---------------  T H R E A D  ---------------

Current thread (0x000000001c888000):  VMThread [stack: 0x000000001d930000,0x000000001da30000] [id=856]

Stack: [0x000000001d930000,0x000000001da30000]
Native frames: (J=compiled Java code, j=interpreted, Vv=VM code, C=native code)
V  [jvm.dll+0x32b57a]
V  [jvm.dll+0x279873]
V  [jvm.dll+0x27a509]
V  [jvm.dll+0x271952]
V  [jvm.dll+0x12dd31]
V  [jvm.dll+0x12f2c2]
V  [jvm.dll+0x105b36]
V  [jvm.dll+0x1247f7]
V  [jvm.dll+0x3f5caf]
V  [jvm.dll+0x3f702a]
V  [jvm.dll+0x3f764b]
V  [jvm.dll+0xae005]
V  [jvm.dll+0x28ce9c]
V  [jvm.dll+0x247ef7]
V  [jvm.dll+0x247196]
V  [jvm.dll+0x247631]
V  [jvm.dll+0x24784e]
V  [jvm.dll+0x29853a]
C  [msvcr100.dll+0x21d9f]
C  [msvcr100.dll+0x21e3b]
C  [KERNEL32.DLL+0x14034]
C  [ntdll.dll+0x73691]

VM_Operation (0x000000000321b150): CollectForMetadataAllocation, mode: safepoint, requested by thread 0x000000000300e000


---------------  P R O C E S S  ---------------

Java Threads: ( => current thread )
  0x000000001e158000 JavaThread "Service Thread" daemon [_thread_blocked, id=9756, stack(0x000000001e530000,0x000000001e630000)]
  0x000000001c8e9800 JavaThread "C1 CompilerThread2" daemon [_thread_blocked, id=10308, stack(0x000000001e030000,0x000000001e130000)]
  0x000000001c8c0800 JavaThread "C2 CompilerThread1" daemon [_thread_blocked, id=5680, stack(0x000000001df30000,0x000000001e030000)]
  0x000000001c8bd000 JavaThread "C2 CompilerThread0" daemon [_thread_blocked, id=15960, stack(0x000000001de30000,0x000000001df30000)]
  0x000000001c8bb000 JavaThread "Attach Listener" daemon [_thread_blocked, id=13844, stack(0x000000001dd30000,0x000000001de30000)]
  0x000000001c8ba000 JavaThread "Signal Dispatcher" daemon [_thread_blocked, id=4584, stack(0x000000001dc30000,0x000000001dd30000)]
  0x0000000003316000 JavaThread "Finalizer" daemon [_thread_blocked, id=4288, stack(0x000000001db30000,0x000000001dc30000)]
  0x000000000330d000 JavaThread "Reference Handler" daemon [_thread_blocked, id=5968, stack(0x000000001da30000,0x000000001db30000)]
  0x000000000300e000 JavaThread "main" [_thread_blocked, id=9468, stack(0x0000000003120000,0x0000000003220000)]

Other Threads:
=>0x000000001c888000 VMThread [stack: 0x000000001d930000,0x000000001da30000] [id=856]
  0x000000001e159000 WatcherThread [stack: 0x000000001e630000,0x000000001e730000] [id=4624]

VM state:at safepoint (normal execution)

VM Mutex/Monitor currently owned by a thread:  ([mutex/lock_event])
[0x000000000300cf40] Threads_lock - owner thread: 0x000000001c888000
[0x00000000032201d0] Heap_lock - owner thread: 0x000000000300e000

Heap:
 PSYoungGen      total 140800K, used 10746K [0x000000076b580000, 0x0000000780680000, 0x00000007c0000000)
  eden space 130048K, 0% used [0x000000076b580000,0x000000076b580000,0x0000000773480000)
  from space 10752K, 99% used [0x0000000773480000,0x0000000773efe9b0,0x0000000773f00000)
  to   space 42496K, 0% used [0x000000077dd00000,0x000000077dd00000,0x0000000780680000)
 ParOldGen       total 173568K, used 52767K [0x00000006c2000000, 0x00000006cc980000, 0x000000076b580000)
  object space 173568K, 30% used [0x00000006c2000000,0x00000006c5387e58,0x00000006cc980000)
 Metaspace       used 20547K, capacity 21050K, committed 21296K, reserved 1069056K
  class space    used 2440K, capacity 2625K, committed 2688K, reserved 1048576K

Card table byte_map: [0x00000000126e0000,0x0000000012ee0000] byte_map_base: 0x000000000f0d0000

Marking Bits: (ParMarkBitMap*) 0x000000005d9b4040
 Begin Bits: [0x0000000013830000, 0x00000000177b0000)
 End Bits:   [0x00000000177b0000, 0x000000001b730000)

Polling page: 0x0000000000ff0000

CodeCache: size=245760Kb used=12974Kb max_used=12996Kb free=232785Kb
 bounds [0x0000000003320000, 0x0000000003ff0000, 0x0000000012320000]
 total_blobs=4079 nmethods=3697 adapters=294
 compilation: enabled

Compilation events (10 events):
Event: 3.356 Thread 0x000000001c8c0800 3694       4       java.lang.ref.ReferenceQueue::remove (6 bytes)
Event: 3.357 Thread 0x000000001c8e9800 3695       3       java.io.FileInputStream::finalize (22 bytes)
Event: 3.357 Thread 0x000000001c8e9800 nmethod 3695 0x0000000003f9bfd0 code [0x0000000003f9c140, 0x0000000003f9c3c8]
Event: 3.357 Thread 0x000000001c8e9800 3696   !   3       java.util.zip.ZipFile::close (223 bytes)
Event: 3.358 Thread 0x000000001c8e9800 nmethod 3696 0x0000000003f97510 code [0x0000000003f97820, 0x0000000003f99268]
Event: 3.359 Thread 0x000000001c8bd000 nmethod 3693 0x0000000003f9b810 code [0x0000000003f9b960, 0x0000000003f9be08]
Event: 3.359 Thread 0x000000001c8bd000 3697       4       org.codehaus.plexus.classworlds.realm.Entry::matches (282 bytes)
Event: 3.359 Thread 0x000000001c8e9800 3698   !   3       sun.nio.cs.StreamDecoder::read0 (116 bytes)
Event: 3.360 Thread 0x000000001c8e9800 nmethod 3698 0x0000000003f96c90 code [0x0000000003f96e20, 0x0000000003f97388]
Event: 3.360 Thread 0x000000001c8c0800 nmethod 3694 0x0000000003f96290 code [0x0000000003f96400, 0x0000000003f969b0]

GC Heap History (10 events):
Event: 0.906 GC heap after
Heap after GC invocations=1 (full 0):
 PSYoungGen      total 75776K, used 9914K [0x000000076b580000, 0x0000000770a00000, 0x00000007c0000000)
  eden space 65024K, 0% used [0x000000076b580000,0x000000076b580000,0x000000076f500000)
  from space 10752K, 92% used [0x000000076f500000,0x000000076feae800,0x000000076ff80000)
  to   space 10752K, 0% used [0x000000076ff80000,0x000000076ff80000,0x0000000770a00000)
 ParOldGen       total 173568K, used 16K [0x00000006c2000000, 0x00000006cc980000, 0x000000076b580000)
  object space 173568K, 0% used [0x00000006c2000000,0x00000006c2004000,0x00000006cc980000)
 Metaspace       used 11626K, capacity 11858K, committed 12160K, reserved 1060864K
  class space    used 1464K, capacity 1545K, committed 1664K, reserved 1048576K
}
Event: 1.874 GC heap before
{Heap before GC invocations=2 (full 0):
 PSYoungGen      total 75776K, used 74938K [0x000000076b580000, 0x0000000770a00000, 0x00000007c0000000)
  eden space 65024K, 100% used [0x000000076b580000,0x000000076f500000,0x000000076f500000)
  from space 10752K, 92% used [0x000000076f500000,0x000000076feae800,0x000000076ff80000)
  to   space 10752K, 0% used [0x000000076ff80000,0x000000076ff80000,0x0000000770a00000)
 ParOldGen       total 173568K, used 16K [0x00000006c2000000, 0x00000006cc980000, 0x000000076b580000)
  object space 173568K, 0% used [0x00000006c2000000,0x00000006c2004000,0x00000006cc980000)
 Metaspace       used 17645K, capacity 17914K, committed 18176K, reserved 1064960K
  class space    used 2117K, capacity 2243K, committed 2304K, reserved 1048576K
Event: 1.885 GC heap after
Heap after GC invocations=2 (full 0):
 PSYoungGen      total 75776K, used 10676K [0x000000076b580000, 0x0000000774980000, 0x00000007c0000000)
  eden space 65024K, 0% used [0x000000076b580000,0x000000076b580000,0x000000076f500000)
  from space 10752K, 99% used [0x000000076ff80000,0x00000007709ed300,0x0000000770a00000)
  to   space 10752K, 0% used [0x000000076f500000,0x000000076f500000,0x000000076ff80000)
 ParOldGen       total 173568K, used 32K [0x00000006c2000000, 0x00000006cc980000, 0x000000076b580000)
  object space 173568K, 0% used [0x00000006c2000000,0x00000006c2008000,0x00000006cc980000)
 Metaspace       used 17645K, capacity 17914K, committed 18176K, reserved 1064960K
  class space    used 2117K, capacity 2243K, committed 2304K, reserved 1048576K
}
Event: 2.565 GC heap before
{Heap before GC invocations=3 (full 0):
 PSYoungGen      total 75776K, used 75700K [0x000000076b580000, 0x0000000774980000, 0x00000007c0000000)
  eden space 65024K, 100% used [0x000000076b580000,0x000000076f500000,0x000000076f500000)
  from space 10752K, 99% used [0x000000076ff80000,0x00000007709ed300,0x0000000770a00000)
  to   space 10752K, 0% used [0x000000076f500000,0x000000076f500000,0x000000076ff80000)
 ParOldGen       total 173568K, used 32K [0x00000006c2000000, 0x00000006cc980000, 0x000000076b580000)
  object space 173568K, 0% used [0x00000006c2000000,0x00000006c2008000,0x00000006cc980000)
 Metaspace       used 18289K, capacity 18604K, committed 18944K, reserved 1067008K
  class space    used 2135K, capacity 2278K, committed 2304K, reserved 1048576K
Event: 2.573 GC heap after
Heap after GC invocations=3 (full 0):
 PSYoungGen      total 75776K, used 10746K [0x000000076b580000, 0x0000000774980000, 0x00000007c0000000)
  eden space 65024K, 0% used [0x000000076b580000,0x000000076b580000,0x000000076f500000)
  from space 10752K, 99% used [0x000000076f500000,0x000000076ff7e990,0x000000076ff80000)
  to   space 10752K, 0% used [0x0000000773f00000,0x0000000773f00000,0x0000000774980000)
 ParOldGen       total 173568K, used 283K [0x00000006c2000000, 0x00000006cc980000, 0x000000076b580000)
  object space 173568K, 0% used [0x00000006c2000000,0x00000006c2046dc0,0x00000006cc980000)
 Metaspace       used 18289K, capacity 18604K, committed 18944K, reserved 1067008K
  class space    used 2135K, capacity 2278K, committed 2304K, reserved 1048576K
}
Event: 3.339 GC heap before
{Heap before GC invocations=4 (full 0):
 PSYoungGen      total 75776K, used 70066K [0x000000076b580000, 0x0000000774980000, 0x00000007c0000000)
  eden space 65024K, 91% used [0x000000076b580000,0x000000076ef6dfe0,0x000000076f500000)
  from space 10752K, 99% used [0x000000076f500000,0x000000076ff7e990,0x000000076ff80000)
  to   space 10752K, 0% used [0x0000000773f00000,0x0000000773f00000,0x0000000774980000)
 ParOldGen       total 173568K, used 283K [0x00000006c2000000, 0x00000006cc980000, 0x000000076b580000)
  object space 173568K, 0% used [0x00000006c2000000,0x00000006c2046dc0,0x00000006cc980000)
 Metaspace       used 20495K, capacity 20954K, committed 21296K, reserved 1069056K
  class space    used 2433K, capacity 2593K, committed 2688K, reserved 1048576K
Event: 3.356 GC heap after
Heap after GC invocations=4 (full 0):
 PSYoungGen      total 140800K, used 10748K [0x000000076b580000, 0x0000000774980000, 0x00000007c0000000)
  eden space 130048K, 0% used [0x000000076b580000,0x000000076b580000,0x0000000773480000)
  from space 10752K, 99% used [0x0000000773f00000,0x000000077497f078,0x0000000774980000)
  to   space 10752K, 0% used [0x0000000773480000,0x0000000773480000,0x0000000773f00000)
 ParOldGen       total 173568K, used 33183K [0x00000006c2000000, 0x00000006cc980000, 0x000000076b580000)
  object space 173568K, 19% used [0x00000006c2000000,0x00000006c4067e68,0x00000006cc980000)
 Metaspace       used 20495K, capacity 20954K, committed 21296K, reserved 1069056K
  class space    used 2433K, capacity 2593K, committed 2688K, reserved 1048576K
}
Event: 3.361 GC heap before
{Heap before GC invocations=5 (full 0):
 PSYoungGen      total 140800K, used 23054K [0x000000076b580000, 0x0000000774980000, 0x00000007c0000000)
  eden space 130048K, 9% used [0x000000076b580000,0x000000076c184b18,0x0000000773480000)
  from space 10752K, 99% used [0x0000000773f00000,0x000000077497f078,0x0000000774980000)
  to   space 10752K, 0% used [0x0000000773480000,0x0000000773480000,0x0000000773f00000)
 ParOldGen       total 173568K, used 33183K [0x00000006c2000000, 0x00000006cc980000, 0x000000076b580000)
  object space 173568K, 19% used [0x00000006c2000000,0x00000006c4067e68,0x00000006cc980000)
 Metaspace       used 20547K, capacity 21050K, committed 21296K, reserved 1069056K
  class space    used 2440K, capacity 2625K, committed 2688K, reserved 1048576K
Event: 3.378 GC heap after
Heap after GC invocations=5 (full 0):
 PSYoungGen      total 140800K, used 10746K [0x000000076b580000, 0x0000000780680000, 0x00000007c0000000)
  eden space 130048K, 0% used [0x000000076b580000,0x000000076b580000,0x0000000773480000)
  from space 10752K, 99% used [0x0000000773480000,0x0000000773efe9b0,0x0000000773f00000)
  to   space 42496K, 0% used [0x000000077dd00000,0x000000077dd00000,0x0000000780680000)
 ParOldGen       total 173568K, used 52767K [0x00000006c2000000, 0x00000006cc980000, 0x000000076b580000)
  object space 173568K, 30% used [0x00000006c2000000,0x00000006c5387e58,0x00000006cc980000)
 Metaspace       used 20547K, capacity 21050K, committed 21296K, reserved 1069056K
  class space    used 2440K, capacity 2625K, committed 2688K, reserved 1048576K
}
Event: 3.378 GC heap before
{Heap before GC invocations=6 (full 1):
 PSYoungGen      total 140800K, used 10746K [0x000000076b580000, 0x0000000780680000, 0x00000007c0000000)
  eden space 130048K, 0% used [0x000000076b580000,0x000000076b580000,0x0000000773480000)
  from space 10752K, 99% used [0x0000000773480000,0x0000000773efe9b0,0x0000000773f00000)
  to   space 42496K, 0% used [0x000000077dd00000,0x000000077dd00000,0x0000000780680000)
 ParOldGen       total 173568K, used 52767K [0x00000006c2000000, 0x00000006cc980000, 0x000000076b580000)
  object space 173568K, 30% used [0x00000006c2000000,0x00000006c5387e58,0x00000006cc980000)
 Metaspace       used 20547K, capacity 21050K, committed 21296K, reserved 1069056K
  class space    used 2440K, capacity 2625K, committed 2688K, reserved 1048576K

Deoptimization events (10 events):
Event: 2.898 Thread 0x000000000300e000 Uncommon trap: reason=unstable_if action=reinterpret pc=0x0000000003ec3b58 method=org.codehaus.plexus.classworlds.realm.Entry.matches(Ljava/lang/String;)Z @ 150
Event: 2.906 Thread 0x000000000300e000 Uncommon trap: reason=bimorphic action=maybe_recompile pc=0x0000000003dff330 method=java.util.regex.Pattern$Branch.match(Ljava/util/regex/Matcher;ILjava/lang/CharSequence;)Z @ 32
Event: 2.906 Thread 0x000000000300e000 Uncommon trap: reason=bimorphic action=maybe_recompile pc=0x0000000003dc40c4 method=java.util.regex.Pattern$CharProperty.match(Ljava/util/regex/Matcher;ILjava/lang/CharSequence;)Z @ 37
Event: 2.908 Thread 0x000000000300e000 Uncommon trap: reason=unstable_if action=reinterpret pc=0x0000000003ee6754 method=java.util.IdentityHashMap.closeDeletion(I)V @ 37
Event: 2.909 Thread 0x000000000300e000 Uncommon trap: reason=bimorphic action=maybe_recompile pc=0x0000000003eeeba4 method=com.google.inject.internal.InjectorImpl.callInContext(Lcom/google/inject/internal/ContextualCallable;)Ljava/lang/Object; @ 75
Event: 2.909 Thread 0x000000000300e000 Uncommon trap: reason=bimorphic action=maybe_recompile pc=0x0000000003eeeba4 method=com.google.inject.internal.InjectorImpl.callInContext(Lcom/google/inject/internal/ContextualCallable;)Ljava/lang/Object; @ 75
Event: 2.909 Thread 0x000000000300e000 Uncommon trap: reason=bimorphic action=maybe_recompile pc=0x0000000003eeeba4 method=com.google.inject.internal.InjectorImpl.callInContext(Lcom/google/inject/internal/ContextualCallable;)Ljava/lang/Object; @ 75
Event: 2.909 Thread 0x000000000300e000 Uncommon trap: reason=bimorphic action=maybe_recompile pc=0x0000000003eeeba4 method=com.google.inject.internal.InjectorImpl.callInContext(Lcom/google/inject/internal/ContextualCallable;)Ljava/lang/Object; @ 75
Event: 2.917 Thread 0x000000000300e000 Uncommon trap: reason=unstable_if action=reinterpret pc=0x0000000003b94910 method=org.apache.maven.model.ConfigurationContainer.clone()Lorg/apache/maven/model/ConfigurationContainer; @ 37
Event: 3.359 Thread 0x000000000300e000 Uncommon trap: reason=unstable_if action=reinterpret pc=0x000000000362abdc method=sun.nio.cs.StreamDecoder.read0()I @ 11

Internal exceptions (10 events):
Event: 2.232 Thread 0x000000000300e000 Exception <a 'java/lang/NullPointerException'> (0x000000076d70f268) thrown at [C:\re\workspace\8-2-build-windows-amd64-cygwin\jdk8u45\3627\hotspot\src\share\vm\interpreter\linkResolver.cpp, line 1178]
Event: 2.232 Thread 0x000000000300e000 Exception <a 'java/lang/NullPointerException'> (0x000000076d70f5b8) thrown at [C:\re\workspace\8-2-build-windows-amd64-cygwin\jdk8u45\3627\hotspot\src\share\vm\interpreter\linkResolver.cpp, line 1178]
Event: 2.234 Thread 0x000000000300e000 Exception <a 'java/net/UnknownHostException': maven.wso2.org> (0x000000076d715528) thrown at [C:\re\workspace\8-2-build-windows-amd64-cygwin\jdk8u45\3627\hotspot\src\share\vm\prims\jni.cpp, line 735]
Event: 2.282 Thread 0x000000000300e000 Exception <a 'java/lang/NullPointerException'> (0x000000076db8cb50) thrown at [C:\re\workspace\8-2-build-windows-amd64-cygwin\jdk8u45\3627\hotspot\src\share\vm\interpreter\linkResolver.cpp, line 1178]
Event: 2.282 Thread 0x000000000300e000 Exception <a 'java/lang/NullPointerException'> (0x000000076db8cea0) thrown at [C:\re\workspace\8-2-build-windows-amd64-cygwin\jdk8u45\3627\hotspot\src\share\vm\interpreter\linkResolver.cpp, line 1178]
Event: 2.282 Thread 0x000000000300e000 Exception <a 'java/lang/NullPointerException'> (0x000000076db8d1f0) thrown at [C:\re\workspace\8-2-build-windows-amd64-cygwin\jdk8u45\3627\hotspot\src\share\vm\interpreter\linkResolver.cpp, line 1178]
Event: 2.282 Thread 0x000000000300e000 Exception <a 'java/lang/NullPointerException'> (0x000000076db8daf8) thrown at [C:\re\workspace\8-2-build-windows-amd64-cygwin\jdk8u45\3627\hotspot\src\share\vm\interpreter\linkResolver.cpp, line 1178]
Event: 2.282 Thread 0x000000000300e000 Exception <a 'java/lang/NullPointerException'> (0x000000076db8de48) thrown at [C:\re\workspace\8-2-build-windows-amd64-cygwin\jdk8u45\3627\hotspot\src\share\vm\interpreter\linkResolver.cpp, line 1178]
Event: 2.282 Thread 0x000000000300e000 Exception <a 'java/lang/NullPointerException'> (0x000000076db8e198) thrown at [C:\re\workspace\8-2-build-windows-amd64-cygwin\jdk8u45\3627\hotspot\src\share\vm\interpreter\linkResolver.cpp, line 1178]
Event: 2.732 Thread 0x000000000300e000 Implicit null exception at 0x0000000003c897b7 to 0x0000000003c8a945

Events (10 events):
Event: 3.360 loading class java/util/Vector$1 done
Event: 3.360 loading class org/codehaus/plexus/archiver/commonscompress/archivers/zip/UnparseableExtraFieldData
Event: 3.360 loading class org/codehaus/plexus/archiver/commonscompress/archivers/zip/UnparseableExtraFieldData done
Event: 3.360 loading class org/codehaus/plexus/archiver/commonscompress/archivers/zip/UnparseableExtraFieldData
Event: 3.360 loading class org/codehaus/plexus/archiver/commonscompress/archivers/zip/UnparseableExtraFieldData done
Event: 3.361 loading class org/codehaus/plexus/archiver/commonscompress/archivers/zip/GeneralPurposeBit
Event: 3.361 loading class org/codehaus/plexus/archiver/commonscompress/archivers/zip/GeneralPurposeBit done
Event: 3.361 loading class org/codehaus/plexus/archiver/commonscompress/archivers/zip/GeneralPurposeBit
Event: 3.361 loading class org/codehaus/plexus/archiver/commonscompress/archivers/zip/GeneralPurposeBit done
Event: 3.361 Executing VM operation: CollectForMetadataAllocation


Dynamic libraries:
0x00007ff6eca70000 - 0x00007ff6ecaa7000 	C:\Program Files\Java\jdk1.8.0_45\bin\javaw.exe
0x00007ffe66450000 - 0x00007ffe66631000 	C:\WINDOWS\SYSTEM32\ntdll.dll
0x00007ffe63b90000 - 0x00007ffe63c41000 	C:\WINDOWS\System32\KERNEL32.DLL
0x00007ffe62c20000 - 0x00007ffe62e93000 	C:\WINDOWS\System32\KERNELBASE.dll
0x00007ffe66370000 - 0x00007ffe66411000 	C:\WINDOWS\System32\ADVAPI32.dll
0x00007ffe63900000 - 0x00007ffe6399e000 	C:\WINDOWS\System32\msvcrt.dll
0x00007ffe646c0000 - 0x00007ffe6471b000 	C:\WINDOWS\System32\sechost.dll
0x00007ffe66110000 - 0x00007ffe66234000 	C:\WINDOWS\System32\RPCRT4.dll
0x00007ffe639a0000 - 0x00007ffe63b30000 	C:\WINDOWS\System32\USER32.dll
0x00007ffe62bb0000 - 0x00007ffe62bd0000 	C:\WINDOWS\System32\win32u.dll
0x00007ffe63c50000 - 0x00007ffe63c78000 	C:\WINDOWS\System32\GDI32.dll
0x00007ffe63690000 - 0x00007ffe63822000 	C:\WINDOWS\System32\gdi32full.dll
0x00007ffe62820000 - 0x00007ffe628bf000 	C:\WINDOWS\System32\msvcp_win.dll
0x00007ffe62ab0000 - 0x00007ffe62ba8000 	C:\WINDOWS\System32\ucrtbase.dll
0x00007ffe4dfa0000 - 0x00007ffe4e209000 	C:\WINDOWS\WinSxS\amd64_microsoft.windows.common-controls_6595b64144ccf1df_6.0.17134.706_none_fb43a2cb30647007\COMCTL32.dll
0x00007ffe640e0000 - 0x00007ffe64402000 	C:\WINDOWS\System32\combase.dll
0x00007ffe62ea0000 - 0x00007ffe62f1a000 	C:\WINDOWS\System32\bcryptPrimitives.dll
0x00007ffe649b0000 - 0x00007ffe649dd000 	C:\WINDOWS\System32\IMM32.DLL
0x000000005da40000 - 0x000000005db12000 	C:\Program Files\Java\jdk1.8.0_45\jre\bin\msvcr100.dll
0x000000005d1b0000 - 0x000000005da33000 	C:\Program Files\Java\jdk1.8.0_45\jre\bin\server\jvm.dll
0x00007ffe66360000 - 0x00007ffe66368000 	C:\WINDOWS\System32\PSAPI.DLL
0x00007ffe602a0000 - 0x00007ffe602c3000 	C:\WINDOWS\SYSTEM32\WINMM.dll
0x00007ffe54fe0000 - 0x00007ffe54fea000 	C:\WINDOWS\SYSTEM32\VERSION.dll
0x00007ffe55c50000 - 0x00007ffe55c59000 	C:\WINDOWS\SYSTEM32\WSOCK32.dll
0x00007ffe60270000 - 0x00007ffe6029a000 	C:\WINDOWS\SYSTEM32\winmmbase.dll
0x00007ffe62bd0000 - 0x00007ffe62c19000 	C:\WINDOWS\System32\cfgmgr32.dll
0x00007ffe662f0000 - 0x00007ffe6635c000 	C:\WINDOWS\System32\WS2_32.dll
0x000000005d1a0000 - 0x000000005d1af000 	C:\Program Files\Java\jdk1.8.0_45\jre\bin\verify.dll
0x000000005d170000 - 0x000000005d199000 	C:\Program Files\Java\jdk1.8.0_45\jre\bin\java.dll
0x000000005d150000 - 0x000000005d166000 	C:\Program Files\Java\jdk1.8.0_45\jre\bin\zip.dll
0x00007ffe649e0000 - 0x00007ffe65e20000 	C:\WINDOWS\System32\SHELL32.dll
0x00007ffe66240000 - 0x00007ffe662e9000 	C:\WINDOWS\System32\shcore.dll
0x00007ffe62f20000 - 0x00007ffe6362d000 	C:\WINDOWS\System32\windows.storage.dll
0x00007ffe65e20000 - 0x00007ffe65e71000 	C:\WINDOWS\System32\shlwapi.dll
0x00007ffe62760000 - 0x00007ffe62771000 	C:\WINDOWS\System32\kernel.appcore.dll
0x00007ffe62800000 - 0x00007ffe6281f000 	C:\WINDOWS\System32\profapi.dll
0x00007ffe62780000 - 0x00007ffe627cc000 	C:\WINDOWS\System32\powrprof.dll
0x00007ffe627d0000 - 0x00007ffe627da000 	C:\WINDOWS\System32\FLTLIB.DLL
0x000000005d130000 - 0x000000005d14a000 	C:\Program Files\Java\jdk1.8.0_45\jre\bin\net.dll
0x00007ffe61fe0000 - 0x00007ffe62046000 	C:\WINDOWS\system32\mswsock.dll
0x000000005d110000 - 0x000000005d121000 	C:\Program Files\Java\jdk1.8.0_45\jre\bin\nio.dll
0x000000005d0c0000 - 0x000000005d0e4000 	C:\Program Files\Java\jdk1.8.0_45\jre\bin\sunec.dll
0x00007ffe62190000 - 0x00007ffe621a7000 	C:\WINDOWS\SYSTEM32\CRYPTSP.dll
0x00007ffe61bc0000 - 0x00007ffe61bf3000 	C:\WINDOWS\system32\rsaenh.dll
0x00007ffe622c0000 - 0x00007ffe622e5000 	C:\WINDOWS\SYSTEM32\bcrypt.dll
0x00007ffe62690000 - 0x00007ffe626b8000 	C:\WINDOWS\SYSTEM32\USERENV.dll
0x00007ffe621b0000 - 0x00007ffe621bb000 	C:\WINDOWS\SYSTEM32\CRYPTBASE.dll
0x00007ffe61d60000 - 0x00007ffe61d98000 	C:\WINDOWS\SYSTEM32\IPHLPAPI.DLL
0x00007ffe64840000 - 0x00007ffe64848000 	C:\WINDOWS\System32\NSI.dll
0x00007ffe5ff70000 - 0x00007ffe5ff86000 	C:\WINDOWS\SYSTEM32\dhcpcsvc6.DLL
0x00007ffe5ff50000 - 0x00007ffe5ff6a000 	C:\WINDOWS\SYSTEM32\dhcpcsvc.DLL
0x00007ffe61da0000 - 0x00007ffe61e5e000 	C:\WINDOWS\SYSTEM32\DNSAPI.dll
0x00007ffe5f5a0000 - 0x00007ffe5f5aa000 	C:\Windows\System32\rasadhlp.dll
0x00007ffe50e50000 - 0x00007ffe51019000 	C:\WINDOWS\SYSTEM32\dbghelp.dll

VM Arguments:
jvm_args: -Dmaven.home=EMBEDDED -Dclassworlds.conf=D:\workspace\.metadata\.plugins\org.eclipse.m2e.launching\launches\m2conf8134553991589114772.tmp -Dmaven.multiModuleProjectDirectory=D:\workspace\sysman\sysmanAplicaciones -Dfile.encoding=Cp1252 
java_command: org.codehaus.plexus.classworlds.launcher.Launcher -B install
java_class_path (initial): D:\eclipse-oxygen\plugins\org.eclipse.m2e.maven.runtime_1.8.3.20180227-2135\jars\plexus-classworlds-2.5.2.jar
Launcher Type: SUN_STANDARD

Environment Variables:
JAVA_HOME=C:\Program Files\Java\jdk1.8.0_45
PATH=C:/Program Files/Java/jre1.8.0_45/bin/server;C:/Program Files/Java/jre1.8.0_45/bin;C:/Program Files/Java/jre1.8.0_45/lib/amd64;C:\oracle\product\10.2.0\client_1\bin;C:\ProgramData\Oracle\Java\javapath;C:\WINDOWS\system32;C:\WINDOWS;C:\WINDOWS\System32\Wbem;C:\WINDOWS\System32\WindowsPowerShell\v1.0\;C:\Program Files\Java\jdk1.8.0_45\bin;D:\apache-maven-3.3.9\bin;C:\Program Files (x86)\Microsoft SQL Server\Client SDK\ODBC\130\Tools\Binn\;C:\Program Files (x86)\Microsoft SQL Server\130\Tools\Binn\;C:\Program Files (x86)\Microsoft SQL Server\130\DTS\Binn\;C:\Program Files (x86)\Microsoft SQL Server\130\Tools\Binn\ManagementStudio\;C:\Program Files (x86)\Microsoft SQL Server\140\Tools\Binn\;C:\Program Files (x86)\Microsoft SQL Server\140\DTS\Binn\;C:\Program Files (x86)\Microsoft SQL Server\140\Tools\Binn\ManagementStudio\;C:\WINDOWS\System32\OpenSSH\;C:\Program Files\Git\cmd;C:\Program Files\Microsoft VS Code\bin;C:\Users\eamaya.SYSMAN\AppData\Local\Microsoft\WindowsApps;;D:\eclipse-oxygen;
USERNAME=eamaya
OS=Windows_NT
PROCESSOR_IDENTIFIER=Intel64 Family 6 Model 60 Stepping 3, GenuineIntel



---------------  S Y S T E M  ---------------

OS: Windows 10.0 , 64 bit Build 17134 (10.0.17134.706)

CPU:total 4 (4 cores per cpu, 1 threads per core) family 6 model 60 stepping 3, cmov, cx8, fxsr, mmx, sse, sse2, sse3, ssse3, sse4.1, sse4.2, popcnt, avx, avx2, aes, clmul, erms, lzcnt, tsc, tscinvbit, bmi1, bmi2

Memory: 4k page, physical 16643344k(8426672k free), swap 19133712k(8786636k free)

vm_info: Java HotSpot(TM) 64-Bit Server VM (25.45-b02) for windows-amd64 JRE (1.8.0_45-b15), built on Apr 30 2015 12:40:44 by "java_re" with MS VC++ 10.0 (VS2010)

time: Mon Jul 08 08:37:58 2019
elapsed time: 3 seconds (0d 0h 0m 3s)

