2017-04-11 14:51:41,170 - Log4JLogChute initialized using file 'velocity.log'
2017-04-11 14:51:41,170 - Initializing Velocity, Calling init()...
2017-04-11 14:51:41,170 - Starting Apache Velocity v1.7 (compiled: 2010-11-19 12:14:37)
2017-04-11 14:51:41,170 - Default Properties File: org\apache\velocity\runtime\defaults\velocity.properties
2017-04-11 14:51:41,170 - Trying to use logger class org.apache.velocity.runtime.log.AvalonLogChute
2017-04-11 14:51:41,170 - Target log system for org.apache.velocity.runtime.log.AvalonLogChute is not available (java.lang.NoClassDefFoundError: org/apache/log/format/Formatter).  Falling back to next log system...
2017-04-11 14:51:41,170 - Trying to use logger class org.apache.velocity.runtime.log.Log4JLogChute
2017-04-11 14:51:41,170 - Using logger class org.apache.velocity.runtime.log.Log4JLogChute
2017-04-11 14:51:41,173 - ResourceLoader instantiated: org.apache.velocity.runtime.resource.loader.ClasspathResourceLoader
2017-04-11 14:51:41,183 - ResourceCache: initialized (class org.apache.velocity.runtime.resource.ResourceCacheImpl) with class java.util.Collections$SynchronizedMap cache map.
2017-04-11 14:51:41,184 - Loaded System Directive: org.apache.velocity.runtime.directive.Stop
2017-04-11 14:51:41,185 - Loaded System Directive: org.apache.velocity.runtime.directive.Define
2017-04-11 14:51:41,186 - Loaded System Directive: org.apache.velocity.runtime.directive.Break
2017-04-11 14:51:41,187 - Loaded System Directive: org.apache.velocity.runtime.directive.Evaluate
2017-04-11 14:51:41,188 - Loaded System Directive: org.apache.velocity.runtime.directive.Literal
2017-04-11 14:51:41,189 - Loaded System Directive: org.apache.velocity.runtime.directive.Macro
2017-04-11 14:51:41,190 - Loaded System Directive: org.apache.velocity.runtime.directive.Parse
2017-04-11 14:51:41,191 - Loaded System Directive: org.apache.velocity.runtime.directive.Include
2017-04-11 14:51:41,192 - Loaded System Directive: org.apache.velocity.runtime.directive.Foreach
2017-04-11 14:51:41,559 - Created '20' parsers.
2017-04-11 14:51:41,564 - Velocimacro : "velocimacro.library" is not set.  Trying default library: VM_global_library.vm
2017-04-11 14:51:41,565 - Could not load resource 'VM_global_library.vm' from ResourceLoader org.apache.velocity.runtime.resource.loader.ClasspathResourceLoader: ClasspathResourceLoader Error: cannot find resource VM_global_library.vm
2017-04-11 14:51:41,565 - Velocimacro : Default library not found.
2017-04-11 14:51:41,565 - Velocimacro : allowInline = true : VMs can be defined inline in templates
2017-04-11 14:51:41,565 - Velocimacro : allowInlineToOverride = false : VMs defined inline may NOT replace previous VM definitions
2017-04-11 14:51:41,565 - Velocimacro : allowInlineLocal = false : VMs defined inline will be global in scope if allowed.
2017-04-11 14:51:41,565 - Velocimacro : autoload off : VM system will not automatically reload global library macros
2017-04-11 14:51:41,580 - ResourceManager : found enum.vm with loader org.apache.velocity.runtime.resource.loader.ClasspathResourceLoader
2017-04-11 14:51:41,607 - Log4JLogChute initialized using file 'velocity.log'
2017-04-11 14:51:41,607 - Log4JLogChute initialized using file 'velocity.log'
2017-04-11 14:51:41,607 - Initializing Velocity, Calling init()...
2017-04-11 14:51:41,607 - Initializing Velocity, Calling init()...
2017-04-11 14:51:41,607 - Starting Apache Velocity v1.7 (compiled: 2010-11-19 12:14:37)
2017-04-11 14:51:41,607 - Starting Apache Velocity v1.7 (compiled: 2010-11-19 12:14:37)
2017-04-11 14:51:41,607 - Default Properties File: org\apache\velocity\runtime\defaults\velocity.properties
2017-04-11 14:51:41,607 - Default Properties File: org\apache\velocity\runtime\defaults\velocity.properties
2017-04-11 14:51:41,607 - Trying to use logger class org.apache.velocity.runtime.log.AvalonLogChute
2017-04-11 14:51:41,607 - Trying to use logger class org.apache.velocity.runtime.log.AvalonLogChute
2017-04-11 14:51:41,607 - Target log system for org.apache.velocity.runtime.log.AvalonLogChute is not available (java.lang.NoClassDefFoundError: org/apache/log/format/Formatter).  Falling back to next log system...
2017-04-11 14:51:41,607 - Target log system for org.apache.velocity.runtime.log.AvalonLogChute is not available (java.lang.NoClassDefFoundError: org/apache/log/format/Formatter).  Falling back to next log system...
2017-04-11 14:51:41,607 - Trying to use logger class org.apache.velocity.runtime.log.Log4JLogChute
2017-04-11 14:51:41,607 - Trying to use logger class org.apache.velocity.runtime.log.Log4JLogChute
2017-04-11 14:51:41,608 - Using logger class org.apache.velocity.runtime.log.Log4JLogChute
2017-04-11 14:51:41,608 - Using logger class org.apache.velocity.runtime.log.Log4JLogChute
2017-04-11 14:51:41,608 - ResourceLoader instantiated: org.apache.velocity.runtime.resource.loader.ClasspathResourceLoader
2017-04-11 14:51:41,608 - ResourceLoader instantiated: org.apache.velocity.runtime.resource.loader.ClasspathResourceLoader
2017-04-11 14:51:41,608 - ResourceCache: initialized (class org.apache.velocity.runtime.resource.ResourceCacheImpl) with class java.util.Collections$SynchronizedMap cache map.
2017-04-11 14:51:41,608 - ResourceCache: initialized (class org.apache.velocity.runtime.resource.ResourceCacheImpl) with class java.util.Collections$SynchronizedMap cache map.
2017-04-11 14:51:41,609 - Loaded System Directive: org.apache.velocity.runtime.directive.Stop
2017-04-11 14:51:41,609 - Loaded System Directive: org.apache.velocity.runtime.directive.Stop
2017-04-11 14:51:41,609 - Loaded System Directive: org.apache.velocity.runtime.directive.Define
2017-04-11 14:51:41,609 - Loaded System Directive: org.apache.velocity.runtime.directive.Define
2017-04-11 14:51:41,609 - Loaded System Directive: org.apache.velocity.runtime.directive.Break
2017-04-11 14:51:41,609 - Loaded System Directive: org.apache.velocity.runtime.directive.Break
2017-04-11 14:51:41,609 - Loaded System Directive: org.apache.velocity.runtime.directive.Evaluate
2017-04-11 14:51:41,609 - Loaded System Directive: org.apache.velocity.runtime.directive.Evaluate
2017-04-11 14:51:41,609 - Loaded System Directive: org.apache.velocity.runtime.directive.Literal
2017-04-11 14:51:41,609 - Loaded System Directive: org.apache.velocity.runtime.directive.Literal
2017-04-11 14:51:41,609 - Loaded System Directive: org.apache.velocity.runtime.directive.Macro
2017-04-11 14:51:41,609 - Loaded System Directive: org.apache.velocity.runtime.directive.Macro
2017-04-11 14:51:41,609 - Loaded System Directive: org.apache.velocity.runtime.directive.Parse
2017-04-11 14:51:41,609 - Loaded System Directive: org.apache.velocity.runtime.directive.Parse
2017-04-11 14:51:41,610 - Loaded System Directive: org.apache.velocity.runtime.directive.Include
2017-04-11 14:51:41,610 - Loaded System Directive: org.apache.velocity.runtime.directive.Include
2017-04-11 14:51:41,610 - Loaded System Directive: org.apache.velocity.runtime.directive.Foreach
2017-04-11 14:51:41,610 - Loaded System Directive: org.apache.velocity.runtime.directive.Foreach
2017-04-11 14:51:41,610 - Created '20' parsers.
2017-04-11 14:51:41,610 - Created '20' parsers.
2017-04-11 14:51:41,611 - Velocimacro : "velocimacro.library" is not set.  Trying default library: VM_global_library.vm
2017-04-11 14:51:41,611 - Velocimacro : "velocimacro.library" is not set.  Trying default library: VM_global_library.vm
2017-04-11 14:51:41,611 - Could not load resource 'VM_global_library.vm' from ResourceLoader org.apache.velocity.runtime.resource.loader.ClasspathResourceLoader: ClasspathResourceLoader Error: cannot find resource VM_global_library.vm
2017-04-11 14:51:41,611 - Could not load resource 'VM_global_library.vm' from ResourceLoader org.apache.velocity.runtime.resource.loader.ClasspathResourceLoader: ClasspathResourceLoader Error: cannot find resource VM_global_library.vm
2017-04-11 14:51:41,611 - Velocimacro : Default library not found.
2017-04-11 14:51:41,611 - Velocimacro : Default library not found.
2017-04-11 14:51:41,611 - Velocimacro : allowInline = true : VMs can be defined inline in templates
2017-04-11 14:51:41,611 - Velocimacro : allowInline = true : VMs can be defined inline in templates
2017-04-11 14:51:41,611 - Velocimacro : allowInlineToOverride = false : VMs defined inline may NOT replace previous VM definitions
2017-04-11 14:51:41,611 - Velocimacro : allowInlineToOverride = false : VMs defined inline may NOT replace previous VM definitions
2017-04-11 14:51:41,611 - Velocimacro : allowInlineLocal = false : VMs defined inline will be global in scope if allowed.
2017-04-11 14:51:41,611 - Velocimacro : allowInlineLocal = false : VMs defined inline will be global in scope if allowed.
2017-04-11 14:51:41,611 - Velocimacro : autoload off : VM system will not automatically reload global library macros
2017-04-11 14:51:41,611 - Velocimacro : autoload off : VM system will not automatically reload global library macros
2017-04-11 14:51:41,613 - ResourceManager : found urlEnum.vm with loader org.apache.velocity.runtime.resource.loader.ClasspathResourceLoader
2017-04-11 14:51:41,613 - ResourceManager : found urlEnum.vm with loader org.apache.velocity.runtime.resource.loader.ClasspathResourceLoader
2017-04-17 12:16:58,808 - Log4JLogChute initialized using file 'velocity.log'
2017-04-17 12:16:58,827 - Initializing Velocity, Calling init()...
2017-04-17 12:16:58,827 - Starting Apache Velocity v1.7 (compiled: 2010-11-19 12:14:37)
2017-04-17 12:16:58,827 - Default Properties File: org\apache\velocity\runtime\defaults\velocity.properties
2017-04-17 12:16:58,827 - Trying to use logger class org.apache.velocity.runtime.log.AvalonLogChute
2017-04-17 12:16:58,827 - Target log system for org.apache.velocity.runtime.log.AvalonLogChute is not available (java.lang.NoClassDefFoundError: org/apache/log/format/Formatter).  Falling back to next log system...
2017-04-17 12:16:58,827 - Trying to use logger class org.apache.velocity.runtime.log.Log4JLogChute
2017-04-17 12:16:58,827 - Using logger class org.apache.velocity.runtime.log.Log4JLogChute
2017-04-17 12:16:58,830 - ResourceLoader instantiated: org.apache.velocity.runtime.resource.loader.ClasspathResourceLoader
2017-04-17 12:16:58,838 - ResourceCache: initialized (class org.apache.velocity.runtime.resource.ResourceCacheImpl) with class java.util.Collections$SynchronizedMap cache map.
2017-04-17 12:16:58,840 - Loaded System Directive: org.apache.velocity.runtime.directive.Stop
2017-04-17 12:16:58,841 - Loaded System Directive: org.apache.velocity.runtime.directive.Define
2017-04-17 12:16:58,841 - Loaded System Directive: org.apache.velocity.runtime.directive.Break
2017-04-17 12:16:58,842 - Loaded System Directive: org.apache.velocity.runtime.directive.Evaluate
2017-04-17 12:16:58,842 - Loaded System Directive: org.apache.velocity.runtime.directive.Literal
2017-04-17 12:16:58,843 - Loaded System Directive: org.apache.velocity.runtime.directive.Macro
2017-04-17 12:16:58,844 - Loaded System Directive: org.apache.velocity.runtime.directive.Parse
2017-04-17 12:16:58,845 - Loaded System Directive: org.apache.velocity.runtime.directive.Include
2017-04-17 12:16:58,846 - Loaded System Directive: org.apache.velocity.runtime.directive.Foreach
2017-04-17 12:16:58,865 - Created '20' parsers.
2017-04-17 12:16:58,869 - Velocimacro : "velocimacro.library" is not set.  Trying default library: VM_global_library.vm
2017-04-17 12:16:58,870 - Could not load resource 'VM_global_library.vm' from ResourceLoader org.apache.velocity.runtime.resource.loader.ClasspathResourceLoader: ClasspathResourceLoader Error: cannot find resource VM_global_library.vm
2017-04-17 12:16:58,870 - Velocimacro : Default library not found.
2017-04-17 12:16:58,870 - Velocimacro : allowInline = true : VMs can be defined inline in templates
2017-04-17 12:16:58,870 - Velocimacro : allowInlineToOverride = false : VMs defined inline may NOT replace previous VM definitions
2017-04-17 12:16:58,870 - Velocimacro : allowInlineLocal = false : VMs defined inline will be global in scope if allowed.
2017-04-17 12:16:58,870 - Velocimacro : autoload off : VM system will not automatically reload global library macros
2017-04-17 12:16:58,883 - ResourceManager : found urlEnum.vm with loader org.apache.velocity.runtime.resource.loader.ClasspathResourceLoader
2017-04-17 12:16:59,167 - Log4JLogChute initialized using file 'velocity.log'
2017-04-17 12:16:59,167 - Log4JLogChute initialized using file 'velocity.log'
2017-04-17 12:16:59,167 - Initializing Velocity, Calling init()...
2017-04-17 12:16:59,167 - Initializing Velocity, Calling init()...
2017-04-17 12:16:59,167 - Starting Apache Velocity v1.7 (compiled: 2010-11-19 12:14:37)
2017-04-17 12:16:59,167 - Starting Apache Velocity v1.7 (compiled: 2010-11-19 12:14:37)
2017-04-17 12:16:59,167 - Default Properties File: org\apache\velocity\runtime\defaults\velocity.properties
2017-04-17 12:16:59,167 - Default Properties File: org\apache\velocity\runtime\defaults\velocity.properties
2017-04-17 12:16:59,167 - Trying to use logger class org.apache.velocity.runtime.log.AvalonLogChute
2017-04-17 12:16:59,167 - Trying to use logger class org.apache.velocity.runtime.log.AvalonLogChute
2017-04-17 12:16:59,167 - Target log system for org.apache.velocity.runtime.log.AvalonLogChute is not available (java.lang.NoClassDefFoundError: org/apache/log/format/Formatter).  Falling back to next log system...
2017-04-17 12:16:59,167 - Target log system for org.apache.velocity.runtime.log.AvalonLogChute is not available (java.lang.NoClassDefFoundError: org/apache/log/format/Formatter).  Falling back to next log system...
2017-04-17 12:16:59,167 - Trying to use logger class org.apache.velocity.runtime.log.Log4JLogChute
2017-04-17 12:16:59,167 - Trying to use logger class org.apache.velocity.runtime.log.Log4JLogChute
2017-04-17 12:16:59,167 - Using logger class org.apache.velocity.runtime.log.Log4JLogChute
2017-04-17 12:16:59,167 - Using logger class org.apache.velocity.runtime.log.Log4JLogChute
2017-04-17 12:16:59,167 - ResourceLoader instantiated: org.apache.velocity.runtime.resource.loader.ClasspathResourceLoader
2017-04-17 12:16:59,167 - ResourceLoader instantiated: org.apache.velocity.runtime.resource.loader.ClasspathResourceLoader
2017-04-17 12:16:59,167 - ResourceCache: initialized (class org.apache.velocity.runtime.resource.ResourceCacheImpl) with class java.util.Collections$SynchronizedMap cache map.
2017-04-17 12:16:59,167 - ResourceCache: initialized (class org.apache.velocity.runtime.resource.ResourceCacheImpl) with class java.util.Collections$SynchronizedMap cache map.
2017-04-17 12:16:59,168 - Loaded System Directive: org.apache.velocity.runtime.directive.Stop
2017-04-17 12:16:59,168 - Loaded System Directive: org.apache.velocity.runtime.directive.Stop
2017-04-17 12:16:59,168 - Loaded System Directive: org.apache.velocity.runtime.directive.Define
2017-04-17 12:16:59,168 - Loaded System Directive: org.apache.velocity.runtime.directive.Define
2017-04-17 12:16:59,168 - Loaded System Directive: org.apache.velocity.runtime.directive.Break
2017-04-17 12:16:59,168 - Loaded System Directive: org.apache.velocity.runtime.directive.Break
2017-04-17 12:16:59,168 - Loaded System Directive: org.apache.velocity.runtime.directive.Evaluate
2017-04-17 12:16:59,168 - Loaded System Directive: org.apache.velocity.runtime.directive.Evaluate
2017-04-17 12:16:59,168 - Loaded System Directive: org.apache.velocity.runtime.directive.Literal
2017-04-17 12:16:59,168 - Loaded System Directive: org.apache.velocity.runtime.directive.Literal
2017-04-17 12:16:59,168 - Loaded System Directive: org.apache.velocity.runtime.directive.Macro
2017-04-17 12:16:59,168 - Loaded System Directive: org.apache.velocity.runtime.directive.Macro
2017-04-17 12:16:59,169 - Loaded System Directive: org.apache.velocity.runtime.directive.Parse
2017-04-17 12:16:59,169 - Loaded System Directive: org.apache.velocity.runtime.directive.Parse
2017-04-17 12:16:59,169 - Loaded System Directive: org.apache.velocity.runtime.directive.Include
2017-04-17 12:16:59,169 - Loaded System Directive: org.apache.velocity.runtime.directive.Include
2017-04-17 12:16:59,169 - Loaded System Directive: org.apache.velocity.runtime.directive.Foreach
2017-04-17 12:16:59,169 - Loaded System Directive: org.apache.velocity.runtime.directive.Foreach
2017-04-17 12:16:59,170 - Created '20' parsers.
2017-04-17 12:16:59,170 - Created '20' parsers.
2017-04-17 12:16:59,170 - Velocimacro : "velocimacro.library" is not set.  Trying default library: VM_global_library.vm
2017-04-17 12:16:59,170 - Velocimacro : "velocimacro.library" is not set.  Trying default library: VM_global_library.vm
2017-04-17 12:16:59,170 - Could not load resource 'VM_global_library.vm' from ResourceLoader org.apache.velocity.runtime.resource.loader.ClasspathResourceLoader: ClasspathResourceLoader Error: cannot find resource VM_global_library.vm
2017-04-17 12:16:59,170 - Could not load resource 'VM_global_library.vm' from ResourceLoader org.apache.velocity.runtime.resource.loader.ClasspathResourceLoader: ClasspathResourceLoader Error: cannot find resource VM_global_library.vm
2017-04-17 12:16:59,170 - Velocimacro : Default library not found.
2017-04-17 12:16:59,170 - Velocimacro : Default library not found.
2017-04-17 12:16:59,170 - Velocimacro : allowInline = true : VMs can be defined inline in templates
2017-04-17 12:16:59,170 - Velocimacro : allowInline = true : VMs can be defined inline in templates
2017-04-17 12:16:59,170 - Velocimacro : allowInlineToOverride = false : VMs defined inline may NOT replace previous VM definitions
2017-04-17 12:16:59,170 - Velocimacro : allowInlineToOverride = false : VMs defined inline may NOT replace previous VM definitions
2017-04-17 12:16:59,170 - Velocimacro : allowInlineLocal = false : VMs defined inline will be global in scope if allowed.
2017-04-17 12:16:59,170 - Velocimacro : allowInlineLocal = false : VMs defined inline will be global in scope if allowed.
2017-04-17 12:16:59,170 - Velocimacro : autoload off : VM system will not automatically reload global library macros
2017-04-17 12:16:59,170 - Velocimacro : autoload off : VM system will not automatically reload global library macros
2017-04-17 12:16:59,171 - ResourceManager : found enum.vm with loader org.apache.velocity.runtime.resource.loader.ClasspathResourceLoader
2017-04-17 12:16:59,171 - ResourceManager : found enum.vm with loader org.apache.velocity.runtime.resource.loader.ClasspathResourceLoader
2017-04-17 12:16:59,174 - Log4JLogChute initialized using file 'velocity.log'
2017-04-17 12:16:59,174 - Log4JLogChute initialized using file 'velocity.log'
2017-04-17 12:16:59,174 - Log4JLogChute initialized using file 'velocity.log'
2017-04-17 12:16:59,174 - Initializing Velocity, Calling init()...
2017-04-17 12:16:59,174 - Initializing Velocity, Calling init()...
2017-04-17 12:16:59,174 - Initializing Velocity, Calling init()...
2017-04-17 12:16:59,174 - Starting Apache Velocity v1.7 (compiled: 2010-11-19 12:14:37)
2017-04-17 12:16:59,174 - Starting Apache Velocity v1.7 (compiled: 2010-11-19 12:14:37)
2017-04-17 12:16:59,174 - Starting Apache Velocity v1.7 (compiled: 2010-11-19 12:14:37)
2017-04-17 12:16:59,174 - Default Properties File: org\apache\velocity\runtime\defaults\velocity.properties
2017-04-17 12:16:59,174 - Default Properties File: org\apache\velocity\runtime\defaults\velocity.properties
2017-04-17 12:16:59,174 - Default Properties File: org\apache\velocity\runtime\defaults\velocity.properties
2017-04-17 12:16:59,174 - Trying to use logger class org.apache.velocity.runtime.log.AvalonLogChute
2017-04-17 12:16:59,174 - Trying to use logger class org.apache.velocity.runtime.log.AvalonLogChute
2017-04-17 12:16:59,174 - Trying to use logger class org.apache.velocity.runtime.log.AvalonLogChute
2017-04-17 12:16:59,174 - Target log system for org.apache.velocity.runtime.log.AvalonLogChute is not available (java.lang.NoClassDefFoundError: org/apache/log/format/Formatter).  Falling back to next log system...
2017-04-17 12:16:59,174 - Target log system for org.apache.velocity.runtime.log.AvalonLogChute is not available (java.lang.NoClassDefFoundError: org/apache/log/format/Formatter).  Falling back to next log system...
2017-04-17 12:16:59,174 - Target log system for org.apache.velocity.runtime.log.AvalonLogChute is not available (java.lang.NoClassDefFoundError: org/apache/log/format/Formatter).  Falling back to next log system...
2017-04-17 12:16:59,174 - Trying to use logger class org.apache.velocity.runtime.log.Log4JLogChute
2017-04-17 12:16:59,174 - Trying to use logger class org.apache.velocity.runtime.log.Log4JLogChute
2017-04-17 12:16:59,174 - Trying to use logger class org.apache.velocity.runtime.log.Log4JLogChute
2017-04-17 12:16:59,174 - Using logger class org.apache.velocity.runtime.log.Log4JLogChute
2017-04-17 12:16:59,174 - Using logger class org.apache.velocity.runtime.log.Log4JLogChute
2017-04-17 12:16:59,174 - Using logger class org.apache.velocity.runtime.log.Log4JLogChute
2017-04-17 12:16:59,174 - ResourceLoader instantiated: org.apache.velocity.runtime.resource.loader.ClasspathResourceLoader
2017-04-17 12:16:59,174 - ResourceLoader instantiated: org.apache.velocity.runtime.resource.loader.ClasspathResourceLoader
2017-04-17 12:16:59,174 - ResourceLoader instantiated: org.apache.velocity.runtime.resource.loader.ClasspathResourceLoader
2017-04-17 12:16:59,175 - ResourceCache: initialized (class org.apache.velocity.runtime.resource.ResourceCacheImpl) with class java.util.Collections$SynchronizedMap cache map.
2017-04-17 12:16:59,175 - ResourceCache: initialized (class org.apache.velocity.runtime.resource.ResourceCacheImpl) with class java.util.Collections$SynchronizedMap cache map.
2017-04-17 12:16:59,175 - ResourceCache: initialized (class org.apache.velocity.runtime.resource.ResourceCacheImpl) with class java.util.Collections$SynchronizedMap cache map.
2017-04-17 12:16:59,175 - Loaded System Directive: org.apache.velocity.runtime.directive.Stop
2017-04-17 12:16:59,175 - Loaded System Directive: org.apache.velocity.runtime.directive.Stop
2017-04-17 12:16:59,175 - Loaded System Directive: org.apache.velocity.runtime.directive.Stop
2017-04-17 12:16:59,175 - Loaded System Directive: org.apache.velocity.runtime.directive.Define
2017-04-17 12:16:59,175 - Loaded System Directive: org.apache.velocity.runtime.directive.Define
2017-04-17 12:16:59,175 - Loaded System Directive: org.apache.velocity.runtime.directive.Define
2017-04-17 12:16:59,175 - Loaded System Directive: org.apache.velocity.runtime.directive.Break
2017-04-17 12:16:59,175 - Loaded System Directive: org.apache.velocity.runtime.directive.Break
2017-04-17 12:16:59,175 - Loaded System Directive: org.apache.velocity.runtime.directive.Break
2017-04-17 12:16:59,175 - Loaded System Directive: org.apache.velocity.runtime.directive.Evaluate
2017-04-17 12:16:59,175 - Loaded System Directive: org.apache.velocity.runtime.directive.Evaluate
2017-04-17 12:16:59,175 - Loaded System Directive: org.apache.velocity.runtime.directive.Evaluate
2017-04-17 12:16:59,175 - Loaded System Directive: org.apache.velocity.runtime.directive.Literal
2017-04-17 12:16:59,175 - Loaded System Directive: org.apache.velocity.runtime.directive.Literal
2017-04-17 12:16:59,175 - Loaded System Directive: org.apache.velocity.runtime.directive.Literal
2017-04-17 12:16:59,176 - Loaded System Directive: org.apache.velocity.runtime.directive.Macro
2017-04-17 12:16:59,176 - Loaded System Directive: org.apache.velocity.runtime.directive.Macro
2017-04-17 12:16:59,176 - Loaded System Directive: org.apache.velocity.runtime.directive.Macro
2017-04-17 12:16:59,176 - Loaded System Directive: org.apache.velocity.runtime.directive.Parse
2017-04-17 12:16:59,176 - Loaded System Directive: org.apache.velocity.runtime.directive.Parse
2017-04-17 12:16:59,176 - Loaded System Directive: org.apache.velocity.runtime.directive.Parse
2017-04-17 12:16:59,176 - Loaded System Directive: org.apache.velocity.runtime.directive.Include
2017-04-17 12:16:59,176 - Loaded System Directive: org.apache.velocity.runtime.directive.Include
2017-04-17 12:16:59,176 - Loaded System Directive: org.apache.velocity.runtime.directive.Include
2017-04-17 12:16:59,176 - Loaded System Directive: org.apache.velocity.runtime.directive.Foreach
2017-04-17 12:16:59,176 - Loaded System Directive: org.apache.velocity.runtime.directive.Foreach
2017-04-17 12:16:59,176 - Loaded System Directive: org.apache.velocity.runtime.directive.Foreach
2017-04-17 12:16:59,177 - Created '20' parsers.
2017-04-17 12:16:59,177 - Created '20' parsers.
2017-04-17 12:16:59,177 - Created '20' parsers.
2017-04-17 12:16:59,177 - Velocimacro : "velocimacro.library" is not set.  Trying default library: VM_global_library.vm
2017-04-17 12:16:59,177 - Velocimacro : "velocimacro.library" is not set.  Trying default library: VM_global_library.vm
2017-04-17 12:16:59,177 - Velocimacro : "velocimacro.library" is not set.  Trying default library: VM_global_library.vm
2017-04-17 12:16:59,177 - Could not load resource 'VM_global_library.vm' from ResourceLoader org.apache.velocity.runtime.resource.loader.ClasspathResourceLoader: ClasspathResourceLoader Error: cannot find resource VM_global_library.vm
2017-04-17 12:16:59,177 - Could not load resource 'VM_global_library.vm' from ResourceLoader org.apache.velocity.runtime.resource.loader.ClasspathResourceLoader: ClasspathResourceLoader Error: cannot find resource VM_global_library.vm
2017-04-17 12:16:59,177 - Could not load resource 'VM_global_library.vm' from ResourceLoader org.apache.velocity.runtime.resource.loader.ClasspathResourceLoader: ClasspathResourceLoader Error: cannot find resource VM_global_library.vm
2017-04-17 12:16:59,177 - Velocimacro : Default library not found.
2017-04-17 12:16:59,177 - Velocimacro : Default library not found.
2017-04-17 12:16:59,177 - Velocimacro : Default library not found.
2017-04-17 12:16:59,177 - Velocimacro : allowInline = true : VMs can be defined inline in templates
2017-04-17 12:16:59,177 - Velocimacro : allowInline = true : VMs can be defined inline in templates
2017-04-17 12:16:59,177 - Velocimacro : allowInline = true : VMs can be defined inline in templates
2017-04-17 12:16:59,177 - Velocimacro : allowInlineToOverride = false : VMs defined inline may NOT replace previous VM definitions
2017-04-17 12:16:59,177 - Velocimacro : allowInlineToOverride = false : VMs defined inline may NOT replace previous VM definitions
2017-04-17 12:16:59,177 - Velocimacro : allowInlineToOverride = false : VMs defined inline may NOT replace previous VM definitions
2017-04-17 12:16:59,177 - Velocimacro : allowInlineLocal = false : VMs defined inline will be global in scope if allowed.
2017-04-17 12:16:59,177 - Velocimacro : allowInlineLocal = false : VMs defined inline will be global in scope if allowed.
2017-04-17 12:16:59,177 - Velocimacro : allowInlineLocal = false : VMs defined inline will be global in scope if allowed.
2017-04-17 12:16:59,177 - Velocimacro : autoload off : VM system will not automatically reload global library macros
2017-04-17 12:16:59,177 - Velocimacro : autoload off : VM system will not automatically reload global library macros
2017-04-17 12:16:59,177 - Velocimacro : autoload off : VM system will not automatically reload global library macros
2017-04-17 12:16:59,179 - ResourceManager : found urlEnum.vm with loader org.apache.velocity.runtime.resource.loader.ClasspathResourceLoader
2017-04-17 12:16:59,179 - ResourceManager : found urlEnum.vm with loader org.apache.velocity.runtime.resource.loader.ClasspathResourceLoader
2017-04-17 12:16:59,179 - ResourceManager : found urlEnum.vm with loader org.apache.velocity.runtime.resource.loader.ClasspathResourceLoader
